
/home/runner/work/exp-energy-thickness-boundary-iitb/exp-energy-thickness-boundary-iitb/experiment/simulation/common_libraries/js/ts_components/collapse_step.js
   1:10  warning  'show_step' is defined but never used                 no-unused-vars
   2:5   warning  '$' is not defined                                    no-undef
   3:9   warning  '$' is not defined                                    no-undef
   6:10  warning  'hide_step' is defined but never used                 no-unused-vars
   7:5   warning  '$' is not defined                                    no-undef
   8:9   warning  '$' is not defined                                    no-undef
  11:10  warning  'get_collapse_btn_text' is defined but never used     no-unused-vars
  20:10  warning  'get_collapse_btn_element' is defined but never used  no-unused-vars
  29:10  warning  'hide_all_steps' is defined but never used            no-unused-vars
  31:9   warning  '$' is not defined                                    no-undef

/home/runner/work/exp-energy-thickness-boundary-iitb/exp-energy-thickness-boundary-iitb/experiment/simulation/common_libraries/js/ts_components/matrix.js
   27:26  warning  'MathJax' is not defined                                no-undef
   32:7   warning  'Matrix_Without_String' is defined but never used       no-unused-vars
   52:26  warning  'MathJax' is not defined                                no-undef
   56:10  warning  'get_matrix_html' is defined but never used             no-unused-vars
   87:13  warning  'row_html' is assigned a value but never used           no-unused-vars
   99:10  warning  'get_matrix_html_with_title' is defined but never used  no-unused-vars
  131:13  warning  'row_html' is assigned a value but never used           no-unused-vars
  143:10  warning  'convert_2d_to_1d_vector' is defined but never used     no-unused-vars
  156:10  warning  'convert_1d_to_2d_matrix' is defined but never used     no-unused-vars

/home/runner/work/exp-energy-thickness-boundary-iitb/exp-energy-thickness-boundary-iitb/experiment/simulation/common_libraries/js/ts_components/pannel.js
  8:7  warning  'Pannel' is defined but never used  no-unused-vars

/home/runner/work/exp-energy-thickness-boundary-iitb/exp-energy-thickness-boundary-iitb/experiment/simulation/common_libraries/js/ts_components/questions.js
   6:17  warning  'op1' is assigned a value but never used      no-unused-vars
   7:17  warning  'op2' is assigned a value but never used      no-unused-vars
   8:17  warning  'op3' is assigned a value but never used      no-unused-vars
   9:17  warning  'op4' is assigned a value but never used      no-unused-vars
  94:7   warning  'Question_Options' is defined but never used  no-unused-vars

/home/runner/work/exp-energy-thickness-boundary-iitb/exp-energy-thickness-boundary-iitb/experiment/simulation/common_libraries/js/ts_components/tables.js
   19:22  warning  'verify_values' is not defined                                     no-undef
  137:22  warning  'verify_values' is not defined                                     no-undef
  260:7   warning  'Verify_Rows_Cols_6_decimal_places' is defined but never used      no-unused-vars
  311:22  warning  'verify_values' is not defined                                     no-undef
  416:7   warning  'Verify_Rows_Cols_Custom_Fixed_Update1' is defined but never used  no-unused-vars
  468:7   warning  'Show_Table_Custom_Fixed' is defined but never used                no-unused-vars
  506:7   warning  'Verify_Rows_Cols_Strings' is defined but never used               no-unused-vars
  527:22  warning  'verify_values' is not defined                                     no-undef
  663:7   warning  'Display_Table' is defined but never used                          no-unused-vars

/home/runner/work/exp-energy-thickness-boundary-iitb/exp-energy-thickness-boundary-iitb/experiment/simulation/common_libraries/js/ts_math_library/general_math_functions.js
    1:10  warning  'verify_values' is defined but never used                   no-unused-vars
   17:10  warning  'random1' is defined but never used                         no-unused-vars
   21:10  warning  'std_deviation' is defined but never used                   no-unused-vars
   26:10  warning  'gauss' is defined but never used                           no-unused-vars
   56:10  warning  'hide_panel' is defined but never used                      no-unused-vars
   63:10  warning  'inverse_matrix' is defined but never used                  no-unused-vars
   96:10  warning  'matrix_multiplication' is defined but never used           no-unused-vars
  113:10  warning  'transpose_matrix' is defined but never used                no-unused-vars
  123:10  warning  'matrix_multiplication_8decimal' is defined but never used  no-unused-vars
  140:10  warning  'adjoint_2x2_matrix' is defined but never used              no-unused-vars
  145:10  warning  'find_deteminant' is defined but never used                 no-unused-vars
  174:10  warning  'get_Submatrix' is defined but never used                   no-unused-vars

/home/runner/work/exp-energy-thickness-boundary-iitb/exp-energy-thickness-boundary-iitb/experiment/simulation/common_libraries/js/ts_math_library/regression.js
   1:10  warning  'regression_linear' is defined but never used            no-unused-vars
  18:10  warning  'regression_linear_1variable' is defined but never used  no-unused-vars
  27:10  warning  'regression_linear_2variable' is defined but never used  no-unused-vars
  52:11  warning  'gauss' is not defined                                   no-undef

/home/runner/work/exp-energy-thickness-boundary-iitb/exp-energy-thickness-boundary-iitb/experiment/simulation/common_libraries/math.ob.js
  1:745  warning  'b' is already defined  no-redeclare

/home/runner/work/exp-energy-thickness-boundary-iitb/exp-energy-thickness-boundary-iitb/experiment/simulation/js/activity1.js
   15:9    warning  'MathJax' is not defined                        no-undef
   18:10   warning  'start_act1' is defined but never used          no-unused-vars
   23:20   warning  'get_collapse_btn_text' is not defined          no-undef
   39:5    warning  'indx1_a1' is not defined                       no-undef
   39:29   warning  'opt1_a1' is not defined                        no-undef
   39:38   warning  'ans1_a1' is not defined                        no-undef
   47:24   warning  'Question_Options' is not defined               no-undef
   47:47   warning  'opt1_a1' is not defined                        no-undef
   47:56   warning  'indx1_a1' is not defined                       no-undef
   50:5    warning  'hide_all_steps' is not defined                 no-undef
   52:9    warning  'MathJax' is not defined                        no-undef
   55:9    warning  'show_step' is not defined                      no-undef
   64:5    warning  'indx2_a1' is not defined                       no-undef
   64:29   warning  'opt2_a1' is not defined                        no-undef
   64:38   warning  'ans2_a1' is not defined                        no-undef
   68:10   warning  Unnecessary escape character: \θ                no-useless-escape
   75:10   warning  Unnecessary escape character: \θ                no-useless-escape
   79:24   warning  'Question_Options' is not defined               no-undef
   79:47   warning  'opt2_a1' is not defined                        no-undef
   79:56   warning  'indx2_a1' is not defined                       no-undef
   83:9    warning  'MathJax' is not defined                        no-undef
   91:5    warning  'indx3_a1' is not defined                       no-undef
   91:29   warning  'opt3_a1' is not defined                        no-undef
   91:38   warning  'ans3_a1' is not defined                        no-undef
   95:186  warning  Unnecessary escape character: \∵                no-useless-escape
   99:24   warning  'Question_Options' is not defined               no-undef
   99:47   warning  'opt3_a1' is not defined                        no-undef
   99:56   warning  'indx3_a1' is not defined                       no-undef
  103:9    warning  'MathJax' is not defined                        no-undef
  111:5    warning  'indx4_a1' is not defined                       no-undef
  111:29   warning  'opt4_a1' is not defined                        no-undef
  111:38   warning  'ans4_a1' is not defined                        no-undef
  114:123  warning  Unnecessary escape character: \×                no-useless-escape
  118:24   warning  'Question_Options' is not defined               no-undef
  118:47   warning  'opt4_a1' is not defined                        no-undef
  118:56   warning  'indx4_a1' is not defined                       no-undef
  118:87   warning  'activity2' is not defined                      no-undef
  122:9    warning  'MathJax' is not defined                        no-undef
  125:10   warning  'activity_completed' is defined but never used  no-unused-vars

/home/runner/work/exp-energy-thickness-boundary-iitb/exp-energy-thickness-boundary-iitb/experiment/simulation/js/activity2.js
   2:10  warning  'activity2' is defined but never used   no-unused-vars
   3:20  warning  'get_collapse_btn_text' is not defined  no-undef
  19:5   warning  'maindiv' is not defined                no-undef
  20:5   warning  'indx1_a2' is not defined               no-undef
  20:16  warning  'shuffleArray' is not defined           no-undef
  20:29  warning  'opt1_a2' is not defined                no-undef
  20:38  warning  'ans1_a2' is not defined                no-undef
  33:24  warning  'Question_Options' is not defined       no-undef
  33:47  warning  'opt1_a2' is not defined                no-undef
  33:56  warning  'indx1_a2' is not defined               no-undef
  36:5   warning  'hide_all_steps' is not defined         no-undef
  38:9   warning  'MathJax' is not defined                no-undef
  41:9   warning  'show_step' is not defined              no-undef
  50:5   warning  'indx2_a2' is not defined               no-undef
  50:16  warning  'shuffleArray' is not defined           no-undef
  50:29  warning  'opt2_a2' is not defined                no-undef
  50:38  warning  'ans2_a2' is not defined                no-undef
  55:10  warning  Unnecessary escape character: \θ        no-useless-escape
  63:24  warning  'Question_Options' is not defined       no-undef
  63:47  warning  'opt2_a2' is not defined                no-undef
  63:56  warning  'indx2_a2' is not defined               no-undef
  67:9   warning  'MathJax' is not defined                no-undef
  75:5   warning  'indx3_a2' is not defined               no-undef
  75:16  warning  'shuffleArray' is not defined           no-undef
  75:29  warning  'opt3_a2' is not defined                no-undef
  75:38  warning  'ans3_a2' is not defined                no-undef
  95:24  warning  'Question_Options' is not defined       no-undef
  95:47  warning  'opt3_a2' is not defined                no-undef
  95:56  warning  'indx3_a2' is not defined               no-undef
  95:87  warning  'activity_completed' is not defined     no-undef
  99:9   warning  'MathJax' is not defined                no-undef

/home/runner/work/exp-energy-thickness-boundary-iitb/exp-energy-thickness-boundary-iitb/experiment/simulation/js/data.js
   2:5  warning  'opt1_a1' is assigned a value but never used   no-unused-vars
   8:5  warning  'ans1_a1' is assigned a value but never used   no-unused-vars
   9:5  warning  'indx1_a1' is assigned a value but never used  no-unused-vars
  10:5  warning  'opt2_a1' is assigned a value but never used   no-unused-vars
  16:5  warning  'ans2_a1' is assigned a value but never used   no-unused-vars
  17:5  warning  'indx2_a1' is assigned a value but never used  no-unused-vars
  18:5  warning  'opt3_a1' is assigned a value but never used   no-unused-vars
  24:5  warning  'ans3_a1' is assigned a value but never used   no-unused-vars
  25:5  warning  'indx3_a1' is assigned a value but never used  no-unused-vars
  26:5  warning  'opt4_a1' is assigned a value but never used   no-unused-vars
  27:5  warning  'ans4_a1' is assigned a value but never used   no-unused-vars
  28:5  warning  'indx4_a1' is assigned a value but never used  no-unused-vars
  30:5  warning  'opt1_a2' is assigned a value but never used   no-unused-vars
  36:5  warning  'ans1_a2' is assigned a value but never used   no-unused-vars
  37:5  warning  'indx1_a2' is assigned a value but never used  no-unused-vars
  38:5  warning  'opt2_a2' is assigned a value but never used   no-unused-vars
  44:5  warning  'ans2_a2' is assigned a value but never used   no-unused-vars
  45:5  warning  'indx2_a2' is assigned a value but never used  no-unused-vars
  46:5  warning  'opt3_a2' is assigned a value but never used   no-unused-vars
  52:5  warning  'ans3_a2' is assigned a value but never used   no-unused-vars
  53:5  warning  'indx3_a2' is assigned a value but never used  no-unused-vars

/home/runner/work/exp-energy-thickness-boundary-iitb/exp-energy-thickness-boundary-iitb/experiment/simulation/js/screen_size.js
  1:10  warning  'set_screen_size' is defined but never used  no-unused-vars

✖ 143 problems (0 errors, 143 warnings)

